Ошибка произошла в файле :D:\Openserver\OSPanel\domains\Fessan.ru\skins\default\static\aboutus.tplНа строчке :7Запрос :
SELECcT * FROM `users`
ORDER BY `id`
 Текст ошибки : You have an error in your SQL syntax; check the manual that corresponds to your MySQL server version for the right syntax to use near 'SELECcT * FROM `users`
ORDER BY `id`' at line 1

Ошибка произошла в файле :D:\Openserver\OSPanel\domains\Fessan.ru\skins\default\static\aboutus.tplНа строчке :7Запрос :
SELECcT * FROM `users`
ORDER BY `id`
 Текст ошибки : 
You have an error in your SQL syntax; check the manual that corresponds to your MySQL server version for the right syntax to use near 'SELECcT * FROM `users`
ORDER BY `id`' at line 1

Ошибка произошла в файле :D:\Openserver\OSPanel\domains\Fessan.ru\skins\default\static\aboutus.tplНа строчке :7
Запрос :
SELECcT * FROM `users`
ORDER BY `id`
 Текст ошибки : 
You have an error in your SQL syntax; check the manual that corresponds to your MySQL server version for the right syntax to use near 'SELECcT * FROM `users`
ORDER BY `id`' at line 1

Ошибка произошла в файле :D:\Openserver\OSPanel\domains\Fessan.ru\skins\default\static\aboutus.tplНа строчке :7
Запрос :
SELECcT * FROM `users`
ORDER BY `id`
 Текст ошибки : 
You have an error in your SQL syntax; check the manual that corresponds to your MySQL server version for the right syntax to use near 'SELECcT * FROM `users`
ORDER BY `id`' at line 1

Ошибка произошла в файле :D:\Openserver\OSPanel\domains\Fessan.ru\skins\default\static\aboutus.tplНа строчке :7
Запрос :
SELECcT * FROM `users`
ORDER BY `id`
Текст ошибки : 
You have an error in your SQL syntax; check the manual that corresponds to your MySQL server version for the right syntax to use near 'SELECcT * FROM `users`
ORDER BY `id`' at line 1

2018-12-04 08:24:07Ошибка произошла в файле :D:\Openserver\OSPanel\domains\Fessan.ru\skins\default\static\aboutus.tplНа строчке :7
Запрос :
SELECcT * FROM `users`
ORDER BY `id`
 Текст ошибки : 
You have an error in your SQL syntax; check the manual that corresponds to your MySQL server version for the right syntax to use near 'SELECcT * FROM `users`
ORDER BY `id`' at line 1

Дата ошибки :2018-12-04 08:24:30Ошибка произошла в файле :D:\Openserver\OSPanel\domains\Fessan.ru\skins\default\static\aboutus.tplНа строчке :7
Запрос :
SELECcT * FROM `users`
ORDER BY `id`
 Текст ошибки : 
You have an error in your SQL syntax; check the manual that corresponds to your MySQL server version for the right syntax to use near 'SELECcT * FROM `users`
ORDER BY `id`' at line 1

Дата ошибки :2018-12-04 08:24:44Ошибка произошла в файле :D:\Openserver\OSPanel\domains\Fessan.ru\skins\default\static\aboutus.tplНа строчке :7
Запрос :
SELECcT * FROM `users`
ORDER BY `id`
 Текст ошибки : 
You have an error in your SQL syntax; check the manual that corresponds to your MySQL server version for the right syntax to use near 'SELECcT * FROM `users`
ORDER BY `id`' at line 1

Дата ошибки :2018-12-04 08:25:24
Ошибка произошла в файле :D:\Openserver\OSPanel\domains\Fessan.ru\skins\default\static\aboutus.tplНа строчке :7
Запрос :
SELECcT * FROM `users`
ORDER BY `id`
 Текст ошибки : 
You have an error in your SQL syntax; check the manual that corresponds to your MySQL server version for the right syntax to use near 'SELECcT * FROM `users`
ORDER BY `id`' at line 1

Дата ошибки :2018-12-12 11:01:28
Ошибка произошла в файле :C:\OSPanel\domains\Fessan.ru\modules\cab\auth.phpНа строчке :8
Запрос :
	SELECT *
	FROM `users`
	WHERE /*`login`  = 'test3'*/
	AND `password` = 'si3Ev/f2gOsbY'
	  AND `active`   = 1 
	 LIMIT 1
	 Текст ошибки : 
You have an error in your SQL syntax; check the manual that corresponds to your MySQL server version for the right syntax to use near 'AND `password` = 'si3Ev/f2gOsbY'
	  AND `active`   = 1 
	 LIMIT 1' at line 4================================================

Дата ошибки :2018-12-12 11:03:53
Ошибка произошла в файле :C:\OSPanel\domains\Fessan.ru\modules\cab\auth.phpНа строчке :8
Запрос :
	SELECT *
	FROM `users`
	WHERE `login`  = 'test3'
	AND `password` = 'si3Ev/f2gOsbY'
	  AND `active`   = 1 
	  AND  LIMIT 1
	 Текст ошибки : 
You have an error in your SQL syntax; check the manual that corresponds to your MySQL server version for the right syntax to use near 'LIMIT 1' at line 6================================================

Дата ошибки :2018-12-12 11:05:09
Ошибка произошла в файле :C:\OSPanel\domains\Fessan.ru\modules\cab\auth.phpНа строчке :8
Запрос :
	SELECT *
	FROM `users`
	WHERE `login`  = 'test3',
	AND `password` = 'si3Ev/f2gOsbY',
	  AND `active`   = 1 
	   LIMIT 1
	 Текст ошибки : 
You have an error in your SQL syntax; check the manual that corresponds to your MySQL server version for the right syntax to use near '
	AND `password` = 'si3Ev/f2gOsbY',
	  AND `active`   = 1 
	   LIMIT 1' at line 3================================================

Дата ошибки :2018-12-12 11:05:30
Ошибка произошла в файле :C:\OSPanel\domains\Fessan.ru\modules\cab\auth.phpНа строчке :8
Запрос :
	SELECT *
	FROM `users`
	WHERE `login`  = 'test3',
	AND `password` = 'si3Ev/f2gOsbY'
	  AND `active`   = 1 
	   LIMIT 1
	 Текст ошибки : 
You have an error in your SQL syntax; check the manual that corresponds to your MySQL server version for the right syntax to use near '
	AND `password` = 'si3Ev/f2gOsbY'
	  AND `active`   = 1 
	   LIMIT 1' at line 3================================================

Дата ошибки :2018-12-13 18:56:00
Ошибка произошла в файле :C:\OSPanel\domains\Fessan.ru\modules\news\main.phpНа строчке :34
Запрос :
	SELECT * 
	FROM `news`
	ORDER BY `id` DESC 
 Текст ошибки : 
Table 'main.news' doesn't exist================================================

Дата ошибки :2018-12-15 10:11:23
Ошибка произошла в файле :C:\OSPanel\domains\Fessan.ru\modules\news\main.phpНа строчке :34
Запрос :
	SELECT * 
	FROM `news`
	ORDER BY `id` DESC 
 Текст ошибки : 
Table 'main.news' doesn't exist================================================

Дата ошибки :2018-12-15 11:21:47
Ошибка произошла в файле :C:\OSPanel\domains\Fessan.ru\modules\news\main.phpНа строчке :34
Запрос :
	SELECT * 
	FROM `news`
	ORDER BY `id` DESC 
 Текст ошибки : 
Table 'main.news' doesn't exist================================================

Дата ошибки :2018-12-15 11:38:55
Ошибка произошла в файле :C:\OSPanel\domains\Fessan.ru\modules\assortment\main.phpНа строчке :13
Запрос :
	DELETE FROM `assortment`
	WHERE `id` IN ()
 Текст ошибки : 
You have an error in your SQL syntax; check the manual that corresponds to your MySQL server version for the right syntax to use near ')' at line 2================================================

Дата ошибки :2018-12-17 10:34:46
Ошибка произошла в файле :D:\Openserver\OSPanel\domains\fessan.ru\modules\cab\auth.phpНа строчке :42
Запрос :
	SELECT *
	FROM `user`
	WHERE `login`	 = 'fessan'
	AND `hash` 		 = 'sib7CGa9m1.ZQ'
	AND `ip`		 = '127.0.0.1'
	AND `active`    =  1
	
	 Текст ошибки : 
Table 'main.user' doesn't exist================================================

Дата ошибки :2018-12-17 10:35:36
Ошибка произошла в файле :D:\Openserver\OSPanel\domains\fessan.ru\modules\cab\auth.phpНа строчке :42
Запрос :
	SELECT *
	FROM `user`
	WHERE `login`	 = 'fessan'
	AND `hash` 		 = 'sib7CGa9m1.ZQ'
	AND `ip`		 = '127.0.0.1'
	AND `active`    =  1
	
	 Текст ошибки : 
Table 'main.user' doesn't exist================================================

Дата ошибки :2018-12-17 10:37:13
Ошибка произошла в файле :D:\Openserver\OSPanel\domains\fessan.ru\modules\cab\auth.phpНа строчке :42
Запрос :
	SELECT *
	FROM `user`
	WHERE `login`	 = 'fessan'
	AND `hash` 		 = 'sib7CGa9m1.ZQ'
	AND `ip`		 = '127.0.0.1'
	AND `active`    =  1
	
	 Текст ошибки : 
Table 'main.user' doesn't exist================================================

Дата ошибки :2018-12-17 10:38:02
Ошибка произошла в файле :D:\Openserver\OSPanel\domains\fessan.ru\modules\cab\auth.phpНа строчке :41
Запрос :
	SELECT *
	FROM `user`
	WHERE `login`	 = 'fessan'
	AND `hash` 		 = 'sib7CGa9m1.ZQ'
	AND `active`    =  1
	
	 Текст ошибки : 
Table 'main.user' doesn't exist================================================

Дата ошибки :2018-12-17 11:06:47
Ошибка произошла в файле :D:\Openserver\OSPanel\domains\fessan.ru\modules\cab\auth.phpНа строчке :38
Запрос :
	UPDATE `users` SET
	`hash` 		 = 'sib7CGa9m1.ZQ'
	WHERE `login` = 'fessan' 
	AND AND `password` = 'siG.HhQyS7zfI'
	AND `active`  = 1 
	   LIMIT 1
	
	 Текст ошибки : 
You have an error in your SQL syntax; check the manual that corresponds to your MySQL server version for the right syntax to use near 'AND `password` = 'siG.HhQyS7zfI'
	AND `active`  = 1 
	   LIMIT 1' at line 4================================================

Дата ошибки :2018-12-17 12:12:38
Ошибка произошла в файле :D:\Openserver\OSPanel\domains\fessan.ru\modules\cab\reg.phpНа строчке :54
Запрос :
		INSERT INTO `users` SET 
		`login`			  = 'fessan1',
  		`password`		  = 'sigRPkNQ6/QJU',
		`email`			  = 'fessan1@ya.ru',
		`age`			  = 12,
		`hash`			  = 'siH9mB.qtLRqI',
		`id`			  = 'sipsFzobSiUV2'
		 Текст ошибки : 
Incorrect integer value: 'sipsFzobSiUV2' for column 'id' at row 1================================================

Дата ошибки :2018-12-17 12:13:44
Ошибка произошла в файле :D:\Openserver\OSPanel\domains\fessan.ru\modules\cab\auth.phpНа строчке :46
Запрос :
			UPDATE `users` SET
			`hash` 		    = 'siFesXkDgym/6'
			`ip`			= 'sipsFzobSiUV2'
				WHERE `login`   = 'fessan1' 
				AND  `password` = 'sigRPkNQ6/QJU'
				AND `active`    = 1 
				   LIMIT 1
		 Текст ошибки : 
You have an error in your SQL syntax; check the manual that corresponds to your MySQL server version for the right syntax to use near '`ip`			= 'sipsFzobSiUV2'
				WHERE `login`   = 'fessan1' 
				AND  `password` ' at line 3================================================

Дата ошибки :2018-12-17 12:16:21
Ошибка произошла в файле :D:\Openserver\OSPanel\domains\fessan.ru\modules\cab\auth.phpНа строчке :46
Запрос :
			UPDATE `users` SET
			`hash` 		    = 'siFesXkDgym/6'
			`ip`			= 'sipsFzobSiUV2'
				WHERE `login`   = 'fessan1' 
				AND  `password` = 'sigRPkNQ6/QJU'
				AND `active`    = 1 
				   LIMIT 1
		 Текст ошибки : 
You have an error in your SQL syntax; check the manual that corresponds to your MySQL server version for the right syntax to use near '`ip`			= 'sipsFzobSiUV2'
				WHERE `login`   = 'fessan1' 
				AND  `password` ' at line 3================================================

Дата ошибки :2018-12-17 12:19:43
Ошибка произошла в файле :D:\Openserver\OSPanel\domains\fessan.ru\modules\allpages.phpНа строчке :33
Запрос :
		  UPDATE `users` SET 
		  `hash` = '',
		  WHERE `id`   = '' 
			  LIMIT 1
		   Текст ошибки : 
You have an error in your SQL syntax; check the manual that corresponds to your MySQL server version for the right syntax to use near 'WHERE `id`   = '' 
			  LIMIT 1' at line 3================================================

Дата ошибки :2018-12-17 12:20:36
Ошибка произошла в файле :D:\Openserver\OSPanel\domains\fessan.ru\modules\allpages.phpНа строчке :33
Запрос :
		  UPDATE `users` SET 
		  `hash` = '',
		  WHERE `id`   = '' 
			  LIMIT 1
		   Текст ошибки : 
You have an error in your SQL syntax; check the manual that corresponds to your MySQL server version for the right syntax to use near 'WHERE `id`   = '' 
			  LIMIT 1' at line 3================================================

Дата ошибки :2018-12-17 12:20:58
Ошибка произошла в файле :D:\Openserver\OSPanel\domains\fessan.ru\modules\allpages.phpНа строчке :33
Запрос :
		  UPDATE `users` SET 
		  `hash` = '',
		  WHERE `id`   = '' 
			  LIMIT 1
		   Текст ошибки : 
You have an error in your SQL syntax; check the manual that corresponds to your MySQL server version for the right syntax to use near 'WHERE `id`   = '' 
			  LIMIT 1' at line 3================================================

Дата ошибки :2018-12-17 12:21:00
Ошибка произошла в файле :D:\Openserver\OSPanel\domains\fessan.ru\modules\allpages.phpНа строчке :33
Запрос :
		  UPDATE `users` SET 
		  `hash` = '',
		  WHERE `id`   = '' 
			  LIMIT 1
		   Текст ошибки : 
You have an error in your SQL syntax; check the manual that corresponds to your MySQL server version for the right syntax to use near 'WHERE `id`   = '' 
			  LIMIT 1' at line 3================================================

Дата ошибки :2018-12-17 14:34:49
Ошибка произошла в файле :D:\Openserver\OSPanel\domains\fessan.ru\modules\comments\main.phpНа строчке :12
Запрос :
		INSERT INTO `comments` SET 
		`login`      = 'fessan',
		`comments`   = 'hfp ldf nhb'
				 Текст ошибки : 
Field 'email' doesn't have a default value================================================

Дата ошибки :2018-12-17 14:36:18
Ошибка произошла в файле :D:\Openserver\OSPanel\domains\fessan.ru\modules\comments\main.phpНа строчке :12
Запрос :
		INSERT INTO `comments` SET 
		`login`      = 'fessan',
		`comments`   = 'hfp ldf nhb'
				 Текст ошибки : 
Field 'email' doesn't have a default value================================================

Дата ошибки :2018-12-17 14:37:11
Ошибка произошла в файле :D:\Openserver\OSPanel\domains\fessan.ru\modules\comments\main.phpНа строчке :12
Запрос :
		INSERT INTO `comments` SET 
		`login`      = 'fessan',
		`comments`   = 'hfp ldf nhb'
				 Текст ошибки : 
Field 'email' doesn't have a default value================================================

Дата ошибки :2018-12-17 14:38:39
Ошибка произошла в файле :D:\Openserver\OSPanel\domains\fessan.ru\modules\comments\main.phpНа строчке :12
Запрос :
		INSERT INTO `comments` SET 
		`login`      = 'fessan',
		`comments`   = 'hfp ldf nhb'
				 Текст ошибки : 
Field 'email' doesn't have a default value================================================

Дата ошибки :2018-12-17 14:40:00
Ошибка произошла в файле :D:\Openserver\OSPanel\domains\fessan.ru\modules\comments\main.phpНа строчке :12
Запрос :
		INSERT INTO `comments` SET 
		`login`      = 'fessan',
		`comments`   = '12'
				 Текст ошибки : 
Field 'email' doesn't have a default value================================================

Дата ошибки :2018-12-17 14:41:01
Ошибка произошла в файле :D:\Openserver\OSPanel\domains\fessan.ru\modules\comments\main.phpНа строчке :12
Запрос :
		INSERT INTO `comments` SET 
		`login`      = 'fessan',
		`comments`   = 'qwewe',
				 Текст ошибки : 
You have an error in your SQL syntax; check the manual that corresponds to your MySQL server version for the right syntax to use near '' at line 3================================================

Дата ошибки :2018-12-17 14:41:46
Ошибка произошла в файле :D:\Openserver\OSPanel\domains\fessan.ru\modules\comments\main.phpНа строчке :12
Запрос :
		INSERT INTO `comments` SET 
		`login`      = 'fessan',
		`comments`   = 'qwewe'
				 Текст ошибки : 
Field 'email' doesn't have a default value================================================

Дата ошибки :2018-12-17 14:42:50
Ошибка произошла в файле :D:\Openserver\OSPanel\domains\fessan.ru\modules\comments\main.phpНа строчке :13
Запрос :
		INSERT INTO `comments` SET 
		`login`      = 'fessan',
		`email`      = 'fessan@ya.ru'
		`comments`   = 'qwewe'
				 Текст ошибки : 
You have an error in your SQL syntax; check the manual that corresponds to your MySQL server version for the right syntax to use near '`comments`   = 'qwewe'' at line 4================================================

Дата ошибки :2018-12-20 13:06:34
Ошибка произошла в файле :C:\OSPanel\domains\Fessan.ru\modules\cab\reg.phpНа строчке :55
Запрос :
		INSERT INTO `users` SET 
		`login`			  = 'Fessan',
  		`password`		  = 'siG.HhQyS7zfI',
		`email`			  = 'fessan@ya.ru',
		`age`			  = 34,
		`hash`			  = 'sitw5Lu9f7ONk',
		`ip`			  = 'sipsFzobSiUV2'
		 Текст ошибки : 
Unknown column 'ip' in 'field list'================================================

Дата ошибки :2019-01-02 17:03:11
Ошибка произошла в файле :C:\OSPanel\domains\Fessan.ru\modules\news\main.phpНа строчке :34
Запрос :
	SELECT * 
	FROM `news`
	ORDER BY `id` DESC 
 Текст ошибки : 
Table 'main.news' doesn't exist================================================

Дата ошибки :2019-01-30 11:03:19
Ошибка произошла в файле :D:\Openserver\OSPanel\domains\fessan.ru\modules\admin\assortment\good.phpНа строчке :7
Запрос :
	SELECT *
	FROM `assortment`
	WHERE `id` = 
  	LIMIT 1
 Текст ошибки : 
You have an error in your SQL syntax; check the manual that corresponds to your MySQL server version for the right syntax to use near 'LIMIT 1' at line 4================================================

Дата ошибки :2019-01-30 11:05:31
Ошибка произошла в файле :D:\Openserver\OSPanel\domains\fessan.ru\modules\admin\assortment\good.phpНа строчке :7
Запрос :
	SELECT *
	FROM `assortment`
	WHERE `id` = 
  	LIMIT 1
 Текст ошибки : 
You have an error in your SQL syntax; check the manual that corresponds to your MySQL server version for the right syntax to use near 'LIMIT 1' at line 4================================================

Дата ошибки :2019-01-30 11:05:33
Ошибка произошла в файле :D:\Openserver\OSPanel\domains\fessan.ru\modules\admin\assortment\good.phpНа строчке :7
Запрос :
	SELECT *
	FROM `assortment`
	WHERE `id` = 
  	LIMIT 1
 Текст ошибки : 
You have an error in your SQL syntax; check the manual that corresponds to your MySQL server version for the right syntax to use near 'LIMIT 1' at line 4================================================

Дата ошибки :2019-01-30 11:20:29
Ошибка произошла в файле :D:\Openserver\OSPanel\domains\fessan.ru\modules\admin\assortment\add.phpНа строчке :34
Запрос :
	 INSERT INTO `assortment` SET 
	 `title`        = 'Опера',
	 `code`         = '123',
	  `nal`         = 'Есть в наличии',
	  `cat`         = 'Оперативная память',
	  `price`       = 16000,
	  `description` = 'ыфааыа',
	  `text`        = 'ыпавпывап'
	  Текст ошибки : 
Field 'img' doesn't have a default value================================================

Дата ошибки :2019-01-30 11:55:27
Ошибка произошла в файле :D:\Openserver\OSPanel\domains\fessan.ru\modules\admin\assortment\edit.phpНа строчке :75
Запрос :
	 UPDATE `assortment` SET 
	 	`title`	      = '2342',
	 	`code` 	      = '24234',
	    `nal`         = 'Есть в наличии',
	    `cat`         = 'Оперативная память',
	    `price`       = '242',
	    `description` = '242',
	    `text`        = '423424'
	    `img`			= '/upload/20190130-115527img73121.jpg'

		WHERE `id`    = 29
  		LIMIT 1
	  Текст ошибки : 
You have an error in your SQL syntax; check the manual that corresponds to your MySQL server version for the right syntax to use near '`img`			= '/upload/20190130-115527img73121.jpg'

		WHERE `id`    = 29
  		LIM' at line 9================================================

Дата ошибки :2019-01-30 16:07:25
Ошибка произошла в файле :D:\Openserver\OSPanel\domains\fessan.ru\modules\cab\user.phpНа строчке :73
Запрос :
	UPDATE `users` SET 
	`email`		    	= 'fessan@ya.ru',
	`age` 		    	= '56',
	`avatar`            = '',
	WHERE `id`          = 4
	 Текст ошибки : 
You have an error in your SQL syntax; check the manual that corresponds to your MySQL server version for the right syntax to use near 'WHERE `id`          = 4' at line 5================================================

Дата ошибки :2019-01-30 16:07:55
Ошибка произошла в файле :D:\Openserver\OSPanel\domains\fessan.ru\modules\cab\user.phpНа строчке :73
Запрос :
	UPDATE `users` SET 
	`email`		    	= 'fessan@ya.ru',
	`age` 		    	= '56',
	`avatar`            = '',
	WHERE `id`          = 4
	 Текст ошибки : 
You have an error in your SQL syntax; check the manual that corresponds to your MySQL server version for the right syntax to use near 'WHERE `id`          = 4' at line 5================================================

Дата ошибки :2019-01-30 16:08:22
Ошибка произошла в файле :D:\Openserver\OSPanel\domains\fessan.ru\modules\cab\user.phpНа строчке :73
Запрос :
	UPDATE `users` SET 
	`email`		    	= 'fessan@ya.ru',
	`age` 		    	= '56',
	`avatar`            = '',
	WHERE `id`          = 4
	 Текст ошибки : 
You have an error in your SQL syntax; check the manual that corresponds to your MySQL server version for the right syntax to use near 'WHERE `id`          = 4' at line 5================================================

Дата ошибки :2019-01-30 16:08:34
Ошибка произошла в файле :D:\Openserver\OSPanel\domains\fessan.ru\modules\cab\user.phpНа строчке :73
Запрос :
	UPDATE `users` SET 
	`email`		    	= 'fessan@ya.ru',
	`age` 		    	= '56',
	`avatar`            = '',
	WHERE `id`          = 0
	 Текст ошибки : 
You have an error in your SQL syntax; check the manual that corresponds to your MySQL server version for the right syntax to use near 'WHERE `id`          = 0' at line 5================================================

Дата ошибки :2019-01-30 16:09:05
Ошибка произошла в файле :D:\Openserver\OSPanel\domains\fessan.ru\modules\cab\user.phpНа строчке :73
Запрос :
	UPDATE `users` SET 
	`email`		    	= 'fessan@ya.ru',
	`age` 		    	= '56',
	`avatar`            = '',
	WHERE `id`          = 4
	 Текст ошибки : 
You have an error in your SQL syntax; check the manual that corresponds to your MySQL server version for the right syntax to use near 'WHERE `id`          = 4' at line 5================================================

Дата ошибки :2019-01-30 16:14:43
Ошибка произошла в файле :D:\Openserver\OSPanel\domains\fessan.ru\modules\cab\user.phpНа строчке :75
Запрос :
	UPDATE `users` SET 
	`email`		    	= 'fessan@ya.ru',
	`age` 		    	= '45',
	`avatar`            = '',
	WHERE `id`          = 4
	 Текст ошибки : 
You have an error in your SQL syntax; check the manual that corresponds to your MySQL server version for the right syntax to use near 'WHERE `id`          = 4' at line 5================================================

Дата ошибки :2019-01-31 17:01:31
Ошибка произошла в файле :C:\OSPanel\domains\fessan.ru\modules\cab\user.phpНа строчке :119
Запрос :
	UPDATE `users` SET 
	`email`		    	= 'fessan@ya.ru',
	`age` 		    	= '4322',
/*	`avatar`            = '' */
	WHERE `id`          = 4
	 Текст ошибки : 
You have an error in your SQL syntax; check the manual that corresponds to your MySQL server version for the right syntax to use near 'WHERE `id`          = 4' at line 5================================================

Дата ошибки :2019-01-31 17:24:14
Ошибка произошла в файле :C:\OSPanel\domains\fessan.ru\modules\cab\user.phpНа строчке :128
Запрос :
	UPDATE `users` SET 
	`email`		    	= 'fessan@ya.ru',
	`age` 		    	= '43222',
	WHERE `id`          = 4
	 Текст ошибки : 
You have an error in your SQL syntax; check the manual that corresponds to your MySQL server version for the right syntax to use near 'WHERE `id`          = 4' at line 4================================================

Дата ошибки :2019-01-31 21:32:37
Ошибка произошла в файле :C:\OSPanel\domains\fessan.ru\modules\cab\user.phpНа строчке :111
Запрос :
	UPDATE `users` SET 
	`email`		    	= 'fessan@ya.ru',
	`age` 		    	= '4',
	WHERE `id`          = 4
	 Текст ошибки : 
You have an error in your SQL syntax; check the manual that corresponds to your MySQL server version for the right syntax to use near 'WHERE `id`          = 4' at line 4================================================

QUERY: 
	INSERT INTO `news` SET 
	`cat` 			= 'Criminal',
	`title`			= 'test2',
	`text` 			= 'sdSAD',
	`description` 	= 'saSdsad',
	 `img`			= '/upload/20190207-103145img56534.jpg',
	`date`          = NOW()
	
Field 'cat_id' doesn't have a default value
file: D:\Openserver\OSPanel\domains\fessan.ru\modules\admin\news\add.php
line: 103
date: 2019-02-07 10:31:45
===================================

QUERY: 
	INSERT INTO `news` SET 
	`cat` 			= 'Criminal',
	`title`			= 'test2',
	`text` 			= 'sdSAD',
	`description` 	= 'saSdsad',
	 `img`			= '/upload/20190207-103415img41650.jpg',
	`date`          = NOW()
	
Field 'cat_id' doesn't have a default value
file: D:\Openserver\OSPanel\domains\fessan.ru\modules\admin\news\add.php
line: 103
date: 2019-02-07 10:34:15
===================================

QUERY: 
	INSERT INTO `news` SET 
	`cat` 			= 'Politic',
	`title`			= 'dqwdeq',
	`text` 			= 'eqweqweqw',
	`description` 	= 'qweqweqw',
	 `img`			= '/upload/20190207-103813img79673.jpg',
	`date`          = NOW()
	
Field 'cat_id' doesn't have a default value
file: D:\Openserver\OSPanel\domains\fessan.ru\modules\admin\news\add.php
line: 103
date: 2019-02-07 10:38:13
===================================

QUERY: 
			INSERT INTO `news` SET 
			`cat_id` = '(int)1';
			
			
Incorrect integer value: '(int)1' for column 'cat_id' at row 1
file: D:\Openserver\OSPanel\domains\fessan.ru\modules\admin\news\add.php
line: 108
date: 2019-02-07 10:41:07
===================================

QUERY: 
			INSERT INTO `news` SET 
			`cat_id` = '1'
			
Field 'date' doesn't have a default value
file: D:\Openserver\OSPanel\domains\fessan.ru\modules\admin\news\add.php
line: 108
date: 2019-02-07 10:45:48
===================================

QUERY: 
			INSERT INTO `news` SET 
			`cat_id` = '1'
			
Field 'title' doesn't have a default value
file: D:\Openserver\OSPanel\domains\fessan.ru\modules\admin\news\add.php
line: 108
date: 2019-02-07 10:46:35
===================================

QUERY: 
			INSERT INTO `news` SET 
			`cat_id` = '1'
			WHERE `id`= '10'
			
You have an error in your SQL syntax; check the manual that corresponds to your MySQL server version for the right syntax to use near 'WHERE `id`= '10'' at line 3
file: D:\Openserver\OSPanel\domains\fessan.ru\modules\admin\news\add.php
line: 112
date: 2019-02-07 10:49:34
===================================

QUERY: 
			INSERT INTO `news` SET 
			`cat_id` = '1'
			WHERE `id`= '11'
			
You have an error in your SQL syntax; check the manual that corresponds to your MySQL server version for the right syntax to use near 'WHERE `id`= '11'' at line 3
file: D:\Openserver\OSPanel\domains\fessan.ru\modules\admin\news\add.php
line: 112
date: 2019-02-07 10:50:16
===================================

QUERY: 
			INSERT INTO `news` SET 
			`cat_id` = '1'
			WHERE `id`= 12
			
You have an error in your SQL syntax; check the manual that corresponds to your MySQL server version for the right syntax to use near 'WHERE `id`= 12' at line 3
file: D:\Openserver\OSPanel\domains\fessan.ru\modules\admin\news\add.php
line: 112
date: 2019-02-07 10:51:55
===================================

QUERY: 
			INSERT INTO `news` SET 
			`cat_id` = '1'
			WHERE `id`= 13
			
You have an error in your SQL syntax; check the manual that corresponds to your MySQL server version for the right syntax to use near 'WHERE `id`= 13' at line 3
file: D:\Openserver\OSPanel\domains\fessan.ru\modules\admin\news\add.php
line: 112
date: 2019-02-07 10:52:19
===================================

QUERY: 
			INSERT INTO `news` SET 
			`cat_id` = '1'
			WHERE `id`= 14
			
You have an error in your SQL syntax; check the manual that corresponds to your MySQL server version for the right syntax to use near 'WHERE `id`= 14' at line 3
file: D:\Openserver\OSPanel\domains\fessan.ru\modules\admin\news\add.php
line: 112
date: 2019-02-07 10:52:28
===================================

QUERY: 
	INSERT INTO `news` SET 
	`cat` 			= 'Politic',
	`title`			= 'test3',
	`text` 			= 'adadssxxz',
	`description` 	= 'dasdsad',
	 `img`			= '/upload/20190207-105353img47143.jpg',
	`date`          = NOW()
	
Field 'cat_id' doesn't have a default value
file: D:\Openserver\OSPanel\domains\fessan.ru\modules\admin\news\add.php
line: 103
date: 2019-02-07 10:53:54
===================================

QUERY: 
	UPDATE `users` SET 
	`password`		  = 'siU4a6F8WMJC2',
	`email`		    	= 'sardina5@ya.ru',
	`age` 		    	= '1йцу'
	WHERE `id`          = 5
	
Data truncated for column 'age' at row 1
file: D:\Openserver\OSPanel\domains\fessan.ru\modules\cab\user.php
line: 113
date: 2019-02-07 11:53:07
===================================

QUERY: 
  SELECT * FROM `books_author`
  ORDER BY DESK

Unknown column 'DESK' in 'order clause'
file: D:\Openserver\OSPanel\domains\fessan.ru\modules\admin\books\addbook.php
line: 5
date: 2019-02-08 11:08:00
===================================

QUERY: 
  SELECT * FROM `books_author`
  ORDER BY DESC 

You have an error in your SQL syntax; check the manual that corresponds to your MySQL server version for the right syntax to use near 'DESC' at line 2
file: D:\Openserver\OSPanel\domains\fessan.ru\modules\admin\books\addbook.php
line: 5
date: 2019-02-08 11:08:52
===================================

QUERY: 
	INSERT INTO `books` SET 
	`name`			 ='Облако',
	`description` 	 = 'вуф',
	`coast`			 = 12,
	`author` 		 = 'Александр12',
	 `img`			 = '',
  	`date`           = NOW()
	
Unknown column 'img' in 'field list'
file: D:\Openserver\OSPanel\domains\fessan.ru\modules\admin\books\addbook.php
line: 113
date: 2019-02-08 12:52:24
===================================

QUERY: 
	INSERT INTO `books` SET 
	`name`			 ='Облако',
	`description` 	 = 'вуф',
	`coast`			 = 12,
	`author` 		 = 'Александр12',
	 `img`			 = '',
  	`date`           = NOW()
	
Unknown column 'date' in 'field list'
file: D:\Openserver\OSPanel\domains\fessan.ru\modules\admin\books\addbook.php
line: 113
date: 2019-02-08 12:53:25
===================================

QUERY: 
	DELETE FROM `books_author`
	WHERE `id` IN ()

You have an error in your SQL syntax; check the manual that corresponds to your MySQL server version for the right syntax to use near ')' at line 2
file: C:\OSPanel\domains\fessan.ru\modules\admin\books\main.php
line: 13
date: 2019-02-09 11:48:08
===================================

QUERY: 
		INSERT INTO `books2books_author` SET 
		`books_id`      ='1',
		`author_id` 	= 'Александр12'
		
Incorrect integer value: 'Александр12' for column 'author_id' at row 1
file: C:\OSPanel\domains\fessan.ru\modules\admin\books\addbook.php
line: 120
date: 2019-02-09 12:11:53
===================================

QUERY: 
		INSERT INTO `books2books_author` SET 
		`books_id`      ='4',
		`author_id` 	= ''
		
Incorrect integer value: '' for column 'author_id' at row 1
file: C:\OSPanel\domains\fessan.ru\modules\admin\books\addbook.php
line: 125
date: 2019-02-09 13:21:52
===================================

QUERY: 
		INSERT INTO `books2books_author` SET 
		`books_id`      ='5',
		`author_id` 	= ''
		
Incorrect integer value: '' for column 'author_id' at row 1
file: C:\OSPanel\domains\fessan.ru\modules\admin\books\addbook.php
line: 126
date: 2019-02-09 13:23:17
===================================

QUERY: 
		INSERT INTO `books2books_author` SET 
		`books_id`      ='6',
		`author_id` 	= ''
		
Incorrect integer value: '' for column 'author_id' at row 1
file: C:\OSPanel\domains\fessan.ru\modules\admin\books\addbook.php
line: 129
date: 2019-02-09 13:26:43
===================================

QUERY: 
		INSERT INTO `books2books_author` SET 
		`books_id`      ='7',
		`author_id` 	= ''
		
Incorrect integer value: '' for column 'author_id' at row 1
file: C:\OSPanel\domains\fessan.ru\modules\admin\books\addbook.php
line: 127
date: 2019-02-09 13:31:16
===================================

QUERY: 
		INSERT INTO `books2books_author` SET 
		`books_id`      ='1',
		`author_id` 	= '3'
		
Unknown column 'books_id' in 'field list'
file: C:\OSPanel\domains\fessan.ru\modules\admin\books\addbook.php
line: 127
date: 2019-02-09 17:05:32
===================================

QUERY: 
SELECT	*
FROM `books`
WHERE `id` = айдишнику из боокс айди

либо WHERE `id` IN (айдишники)


You have an error in your SQL syntax; check the manual that corresponds to your MySQL server version for the right syntax to use near 'из боокс айди

либо WHERE `id` IN (айдишники)' at line 3
file: D:\Openserver\OSPanel\domains\fessan.ru\modules\admin\books\main.php
line: 78
date: 2019-02-10 17:19:49
===================================

QUERY: 
  SELECT *
  FROM `books2books_author`
  WHERE `author_id` = 

You have an error in your SQL syntax; check the manual that corresponds to your MySQL server version for the right syntax to use near '' at line 3
file: D:\Openserver\OSPanel\domains\fessan.ru\modules\admin\books\author.php
line: 13
date: 2019-02-10 17:36:57
===================================

QUERY: 
  SELECT *
  FROM `books2books_author`
  WHERE `author_id` = 

You have an error in your SQL syntax; check the manual that corresponds to your MySQL server version for the right syntax to use near '' at line 3
file: D:\Openserver\OSPanel\domains\fessan.ru\modules\admin\books\author.php
line: 13
date: 2019-02-10 17:43:26
===================================

QUERY: 
 SELECT *
 FROM `author`
 WHERE `id` IN (1 ,2 ,4)

Table 'main.author' doesn't exist
file: D:\Openserver\OSPanel\domains\fessan.ru\modules\admin\books\author.php
line: 29
date: 2019-02-11 12:15:12
===================================

QUERY: 
 SELECT *
 FROM `books`
 WHERE `id` IN ()

You have an error in your SQL syntax; check the manual that corresponds to your MySQL server version for the right syntax to use near ')' at line 3
file: D:\Openserver\OSPanel\domains\fessan.ru\modules\admin\books\author.php
line: 28
date: 2019-02-11 12:24:13
===================================

QUERY: 
 SELECT *
 FROM `books`
 WHERE `id` IN ()

You have an error in your SQL syntax; check the manual that corresponds to your MySQL server version for the right syntax to use near ')' at line 3
file: D:\Openserver\OSPanel\domains\fessan.ru\modules\admin\books\author.php
line: 28
date: 2019-02-11 12:25:40
===================================

QUERY: 
 SELECT *
 FROM `books`
 WHERE `id` IN ()

You have an error in your SQL syntax; check the manual that corresponds to your MySQL server version for the right syntax to use near ')' at line 3
file: D:\Openserver\OSPanel\domains\fessan.ru\modules\admin\books\main.php
line: 59
date: 2019-02-11 12:28:02
===================================

QUERY: 
 SELECT *
 FROM `books`
 WHERE `id` IN ()

You have an error in your SQL syntax; check the manual that corresponds to your MySQL server version for the right syntax to use near ')' at line 3
file: D:\Openserver\OSPanel\domains\fessan.ru\modules\admin\books\main.php
line: 59
date: 2019-02-11 12:29:49
===================================

QUERY: 
 SELECT *
 FROM `books`
 WHERE `id` IN ()

You have an error in your SQL syntax; check the manual that corresponds to your MySQL server version for the right syntax to use near ')' at line 3
file: D:\Openserver\OSPanel\domains\fessan.ru\modules\admin\books\main.php
line: 59
date: 2019-02-11 12:32:53
===================================

QUERY: 
 SELECT *
 FROM `books`
 WHERE `id` IN ()

You have an error in your SQL syntax; check the manual that corresponds to your MySQL server version for the right syntax to use near ')' at line 3
file: D:\Openserver\OSPanel\domains\fessan.ru\modules\admin\books\main.php
line: 61
date: 2019-02-11 12:47:30
===================================

QUERY: 
 SELECT *
 FROM `books_author`
 WHERE `id` IN ()

You have an error in your SQL syntax; check the manual that corresponds to your MySQL server version for the right syntax to use near ')' at line 3
file: D:\Openserver\OSPanel\domains\fessan.ru\modules\admin\books\book.php
line: 29
date: 2019-02-11 17:42:28
===================================

QUERY: 
 SELECT *
 FROM `books`
 WHERE `id` IN ()

You have an error in your SQL syntax; check the manual that corresponds to your MySQL server version for the right syntax to use near ')' at line 3
file: D:\Openserver\OSPanel\domains\fessan.ru\modules\admin\books\author.php
line: 28
date: 2019-02-11 18:13:28
===================================

QUERY: 
 SELECT *
 FROM `books`
 WHERE `id` IN ()

You have an error in your SQL syntax; check the manual that corresponds to your MySQL server version for the right syntax to use near ')' at line 3
file: D:\Openserver\OSPanel\domains\fessan.ru\modules\admin\books\author.php
line: 28
date: 2019-02-11 18:15:49
===================================

QUERY: 
 SELECT *
 FROM `books`
 WHERE `id` IN ()

You have an error in your SQL syntax; check the manual that corresponds to your MySQL server version for the right syntax to use near ')' at line 3
file: D:\Openserver\OSPanel\domains\fessan.ru\modules\admin\books\author.php
line: 28
date: 2019-02-11 18:16:01
===================================

QUERY: 
 SELECT *
 FROM `books`
 WHERE `id` IN ()

You have an error in your SQL syntax; check the manual that corresponds to your MySQL server version for the right syntax to use near ')' at line 3
file: D:\Openserver\OSPanel\domains\fessan.ru\modules\admin\books\author.php
line: 28
date: 2019-02-11 18:16:12
===================================

QUERY: 
 SELECT *
 FROM `books`
 WHERE `id` IN ()

You have an error in your SQL syntax; check the manual that corresponds to your MySQL server version for the right syntax to use near ')' at line 3
file: D:\Openserver\OSPanel\domains\fessan.ru\modules\admin\books\author.php
line: 28
date: 2019-02-11 18:16:44
===================================

QUERY: 
 SELECT *
 FROM `books`
 WHERE `id` IN ()

You have an error in your SQL syntax; check the manual that corresponds to your MySQL server version for the right syntax to use near ')' at line 3
file: D:\Openserver\OSPanel\domains\fessan.ru\modules\admin\books\author.php
line: 28
date: 2019-02-11 18:17:11
===================================

QUERY: 
 SELECT *
 FROM `books`
 WHERE `id` IN ()

You have an error in your SQL syntax; check the manual that corresponds to your MySQL server version for the right syntax to use near ')' at line 3
file: D:\Openserver\OSPanel\domains\fessan.ru\modules\admin\books\author.php
line: 28
date: 2019-02-11 18:17:15
===================================

QUERY: 
 SELECT *
 FROM `books`
 WHERE `id` IN ()

You have an error in your SQL syntax; check the manual that corresponds to your MySQL server version for the right syntax to use near ')' at line 3
file: D:\Openserver\OSPanel\domains\fessan.ru\modules\admin\books\author.php
line: 28
date: 2019-02-11 18:25:41
===================================

QUERY: 
 SELECT *
 FROM `books`
 WHERE `id` IN ()

You have an error in your SQL syntax; check the manual that corresponds to your MySQL server version for the right syntax to use near ')' at line 3
file: D:\Openserver\OSPanel\domains\fessan.ru\modules\admin\books\author.php
line: 28
date: 2019-02-11 18:26:32
===================================

QUERY: 
 SELECT *
 FROM `books`
 WHERE `id` IN ()

You have an error in your SQL syntax; check the manual that corresponds to your MySQL server version for the right syntax to use near ')' at line 3
file: D:\Openserver\OSPanel\domains\fessan.ru\modules\admin\books\author.php
line: 28
date: 2019-02-11 18:26:36
===================================

QUERY: 
 SELECT *
 FROM `books`
 WHERE `id` IN ()

You have an error in your SQL syntax; check the manual that corresponds to your MySQL server version for the right syntax to use near ')' at line 3
file: D:\Openserver\OSPanel\domains\fessan.ru\modules\admin\books\author.php
line: 28
date: 2019-02-11 18:26:43
===================================

QUERY: 
 SELECT *
 FROM `books`
 WHERE `id` IN ()

You have an error in your SQL syntax; check the manual that corresponds to your MySQL server version for the right syntax to use near ')' at line 3
file: D:\Openserver\OSPanel\domains\fessan.ru\modules\admin\books\author.php
line: 28
date: 2019-02-11 18:28:53
===================================

QUERY: 
 SELECT *
 FROM `books`
 WHERE `id` IN ()

You have an error in your SQL syntax; check the manual that corresponds to your MySQL server version for the right syntax to use near ')' at line 3
file: D:\Openserver\OSPanel\domains\fessan.ru\modules\admin\books\author.php
line: 28
date: 2019-02-11 18:28:56
===================================

QUERY: 
 SELECT *
 FROM `books`
 WHERE `id` IN ()

You have an error in your SQL syntax; check the manual that corresponds to your MySQL server version for the right syntax to use near ')' at line 3
file: D:\Openserver\OSPanel\domains\fessan.ru\modules\admin\books\author.php
line: 28
date: 2019-02-11 18:28:59
===================================

QUERY: 
 SELECT *
 FROM `books`
 WHERE `id` IN ()

You have an error in your SQL syntax; check the manual that corresponds to your MySQL server version for the right syntax to use near ')' at line 3
file: D:\Openserver\OSPanel\domains\fessan.ru\modules\admin\books\author.php
line: 28
date: 2019-02-11 18:29:34
===================================

QUERY: 
 SELECT *
 FROM `books`
 WHERE `id` IN ()

You have an error in your SQL syntax; check the manual that corresponds to your MySQL server version for the right syntax to use near ')' at line 3
file: D:\Openserver\OSPanel\domains\fessan.ru\modules\admin\books\author.php
line: 28
date: 2019-02-11 18:31:13
===================================

QUERY: 
 SELECT *
 FROM `books`
 WHERE `id` IN ()

You have an error in your SQL syntax; check the manual that corresponds to your MySQL server version for the right syntax to use near ')' at line 3
file: D:\Openserver\OSPanel\domains\fessan.ru\modules\admin\books\author.php
line: 28
date: 2019-02-11 18:31:24
===================================

QUERY: 
 SELECT *
 FROM `books`
 WHERE `id` IN ()

You have an error in your SQL syntax; check the manual that corresponds to your MySQL server version for the right syntax to use near ')' at line 3
file: D:\Openserver\OSPanel\domains\fessan.ru\modules\admin\books\author.php
line: 28
date: 2019-02-11 18:32:03
===================================

QUERY: 
 SELECT *
 FROM `books_author`
 WHERE `id` IN ()

You have an error in your SQL syntax; check the manual that corresponds to your MySQL server version for the right syntax to use near ')' at line 3
file: D:\Openserver\OSPanel\domains\fessan.ru\modules\admin\books\book.php
line: 29
date: 2019-02-11 18:32:15
===================================

QUERY: 
 SELECT *
 FROM `books_author`
 WHERE `id` IN ()

You have an error in your SQL syntax; check the manual that corresponds to your MySQL server version for the right syntax to use near ')' at line 3
file: D:\Openserver\OSPanel\domains\fessan.ru\modules\admin\books\book.php
line: 29
date: 2019-02-11 18:34:09
===================================

QUERY: 
 SELECT *
 FROM `books`
 WHERE `id` IN ()

You have an error in your SQL syntax; check the manual that corresponds to your MySQL server version for the right syntax to use near ')' at line 3
file: D:\Openserver\OSPanel\domains\fessan.ru\modules\admin\books\author.php
line: 28
date: 2019-02-11 18:34:38
===================================

QUERY: 
 SELECT *
 FROM `books`
 WHERE `id` IN ()

You have an error in your SQL syntax; check the manual that corresponds to your MySQL server version for the right syntax to use near ')' at line 3
file: D:\Openserver\OSPanel\domains\fessan.ru\modules\admin\books\author.php
line: 28
date: 2019-02-11 18:35:05
===================================

QUERY: 
		SELECT *
		FROM `books`
		WHERE `id` IN ()
			
		
You have an error in your SQL syntax; check the manual that corresponds to your MySQL server version for the right syntax to use near ')' at line 3
file: D:\Openserver\OSPanel\domains\fessan.ru\skins\admin\books\main.tpl
line: 48
date: 2019-02-11 21:03:47
===================================

QUERY: 
 SELECT *
 FROM `books_author`
 WHERE `id` IN ()

You have an error in your SQL syntax; check the manual that corresponds to your MySQL server version for the right syntax to use near ')' at line 3
file: D:\Openserver\OSPanel\domains\fessan.ru\modules\admin\books\book.php
line: 29
date: 2019-02-18 18:58:35
===================================

QUERY: 
 SELECT *
 FROM `books_author`
 WHERE `id` IN ()

You have an error in your SQL syntax; check the manual that corresponds to your MySQL server version for the right syntax to use near ')' at line 3
file: D:\Openserver\OSPanel\domains\fessan.ru\modules\book\book.php
line: 27
date: 2019-02-19 07:14:16
===================================

QUERY: 0
You have an error in your SQL syntax; check the manual that corresponds to your MySQL server version for the right syntax to use near '0' at line 1
file: D:\Openserver\OSPanel\domains\fessan.ru\modules\admin\news\main.php
line: 81
date: 2019-02-19 20:22:42
===================================

QUERY: -3
You have an error in your SQL syntax; check the manual that corresponds to your MySQL server version for the right syntax to use near '-3' at line 1
file: D:\Openserver\OSPanel\domains\fessan.ru\modules\admin\news\main.php
line: 96
date: 2019-02-19 20:23:43
===================================

QUERY: 
 SELECT *
 FROM `news`
 LIMIT -3
You have an error in your SQL syntax; check the manual that corresponds to your MySQL server version for the right syntax to use near '-3' at line 3
file: D:\Openserver\OSPanel\domains\fessan.ru\modules\admin\news\main.php
line: 96
date: 2019-02-19 20:25:08
===================================

QUERY: 
 SELECT *
 FROM `news`
 LIMIT 0,3
 ORDER BY `id`  DESC
 
You have an error in your SQL syntax; check the manual that corresponds to your MySQL server version for the right syntax to use near 'ORDER BY `id`  DESC' at line 4
file: D:\Openserver\OSPanel\domains\fessan.ru\modules\admin\news\main.php
line: 99
date: 2019-02-19 20:37:25
===================================

QUERY: 
SELECT *
FROM `books`
WHERE IN  (1,1,1,1,2,2,2,3,3,4,4,5,5,6)


You have an error in your SQL syntax; check the manual that corresponds to your MySQL server version for the right syntax to use near 'IN  (1,1,1,1,2,2,2,3,3,4,4,5,5,6)' at line 3
file: D:\Openserver\OSPanel\domains\fessan.ru\modules\admin\books\main.php
line: 62
date: 2019-02-22 09:02:26
===================================

QUERY: 
	SELECT *
	FROM `books2books_author`
	WHERE `author_id` = 
	
	
You have an error in your SQL syntax; check the manual that corresponds to your MySQL server version for the right syntax to use near '' at line 3
file: D:\Openserver\OSPanel\domains\fessan.ru\modules\admin\books\main.php
line: 47
date: 2019-02-22 16:10:16
===================================

QUERY: 
	SELECT *
	FROM `books2books_author`
	WHERE `author_id` = 
	
	
You have an error in your SQL syntax; check the manual that corresponds to your MySQL server version for the right syntax to use near '' at line 3
file: D:\Openserver\OSPanel\domains\fessan.ru\modules\admin\books\main.php
line: 47
date: 2019-02-22 16:11:42
===================================

QUERY: 
	SELECT *
	FROM `books2books_author`
	WHERE `author_id` = 
	
	
You have an error in your SQL syntax; check the manual that corresponds to your MySQL server version for the right syntax to use near '' at line 3
file: D:\Openserver\OSPanel\domains\fessan.ru\modules\admin\books\main.php
line: 47
date: 2019-02-22 16:12:59
===================================

QUERY: 
	SELECT *
	FROM `books2books_author`
	WHERE `author_id` = 
	
	
You have an error in your SQL syntax; check the manual that corresponds to your MySQL server version for the right syntax to use near '' at line 3
file: D:\Openserver\OSPanel\domains\fessan.ru\modules\admin\books\main.php
line: 56
date: 2019-02-22 16:16:27
===================================

